<?xml version="1.0" encoding="UTF-8"?>
<testsuites name="jest tests" tests="43" failures="0" time="15.981">
  <testsuite name="getPluginRegisterTimeout" errors="0" failures="0" skipped="0" timestamp="2020-11-25T19:18:36" time="1.976" tests="10">
    <testcase classname="getPluginRegisterTimeout No workflow timeout" name="getPluginRegisterTimeout No workflow timeout" time="0.006">
    </testcase>
    <testcase classname="getPluginRegisterTimeout No Timeouts specified" name="getPluginRegisterTimeout No Timeouts specified" time="0">
    </testcase>
    <testcase classname="getPluginRegisterTimeout Activity not found but workflow has timeout" name="getPluginRegisterTimeout Activity not found but workflow has timeout" time="0.001">
    </testcase>
    <testcase classname="getPluginRegisterTimeout Activity timeout" name="getPluginRegisterTimeout Activity timeout" time="0">
    </testcase>
    <testcase classname="getPluginRegisterTimeout Plugin Timeout" name="getPluginRegisterTimeout Plugin Timeout" time="0.001">
    </testcase>
    <testcase classname="getPluginRegisterTimeout Plugin Timeout reversed" name="getPluginRegisterTimeout Plugin Timeout reversed" time="0">
    </testcase>
    <testcase classname="getPluginRegisterTimeout Prefer higher timeout of activity" name="getPluginRegisterTimeout Prefer higher timeout of activity" time="0">
    </testcase>
    <testcase classname="getPluginRegisterTimeout Prefer higher timeout of workflow" name="getPluginRegisterTimeout Prefer higher timeout of workflow" time="0.001">
    </testcase>
    <testcase classname="getPluginRegisterTimeout Prefer lower timeout of activity over workflow" name="getPluginRegisterTimeout Prefer lower timeout of activity over workflow" time="0">
    </testcase>
    <testcase classname="getPluginRegisterTimeout No optional plugins, zero timeout" name="getPluginRegisterTimeout No optional plugins, zero timeout" time="0.001">
    </testcase>
  </testsuite>
  <testsuite name="getStatusObject" errors="0" failures="0" skipped="0" timestamp="2020-11-25T19:18:36" time="3.277" tests="5">
    <testcase classname="getStatusObject Empty id" name="getStatusObject Empty id" time="0.005">
    </testcase>
    <testcase classname="getStatusObject Empty activity" name="getStatusObject Empty activity" time="0">
    </testcase>
    <testcase classname="getStatusObject Valid id" name="getStatusObject Valid id" time="0.001">
    </testcase>
    <testcase classname="updateStageStatus null values" name="updateStageStatus null values" time="0.003">
    </testcase>
    <testcase classname="updateStageStatus valid values" name="updateStageStatus valid values" time="0">
    </testcase>
  </testsuite>
  <testsuite name="getSyncPlugins" errors="0" failures="0" skipped="0" timestamp="2020-11-25T19:18:38" time="1.563" tests="4">
    <testcase classname="getSyncPlugins stage not defined" name="getSyncPlugins stage not defined" time="0.002">
    </testcase>
    <testcase classname="getSyncPlugins dynamodb null" name="getSyncPlugins dynamodb null" time="0.001">
    </testcase>
    <testcase classname="getSyncPlugins dynamodb empty" name="getSyncPlugins dynamodb empty" time="0">
    </testcase>
    <testcase classname="getSyncPlugins dynamodb out of order" name="getSyncPlugins dynamodb out of order" time="0.001">
    </testcase>
  </testsuite>
  <testsuite name="lambdaWrapperAsync" errors="0" failures="0" skipped="0" timestamp="2020-11-25T19:18:36" time="6.251" tests="6">
    <testcase classname="lambdaWrapperAsync No epsagon environment variables specified" name="lambdaWrapperAsync No epsagon environment variables specified" time="0.003">
    </testcase>
    <testcase classname="lambdaWrapperAsync Epsagon environment variables specified" name="lambdaWrapperAsync Epsagon environment variables specified" time="0">
    </testcase>
    <testcase classname="stepLambdaAsyncWrapper No epsagon environment variables specified" name="stepLambdaAsyncWrapper No epsagon environment variables specified" time="0">
    </testcase>
    <testcase classname="stepLambdaAsyncWrapper Epsagon environment variables specified" name="stepLambdaAsyncWrapper Epsagon environment variables specified" time="0.001">
    </testcase>
    <testcase classname="lambdaWrapper No epsagon environment variables specified" name="lambdaWrapper No epsagon environment variables specified" time="0">
    </testcase>
    <testcase classname="lambdaWrapper Epsagon environment variables specified" name="lambdaWrapper Epsagon environment variables specified" time="0.001">
    </testcase>
  </testsuite>
  <testsuite name="orchestratorWrapperSqs" errors="0" failures="0" skipped="0" timestamp="2020-11-25T19:18:39" time="10.941" tests="18">
    <testcase classname="orchestratorWrapperSqs valid" name="orchestratorWrapperSqs valid" time="0.024">
    </testcase>
    <testcase classname="orchestratorWrapperSqs debug on" name="orchestratorWrapperSqs debug on" time="0.004">
    </testcase>
    <testcase classname="orchestratorWrapperSqs override mandatory for activity" name="orchestratorWrapperSqs override mandatory for activity" time="0.005">
    </testcase>
    <testcase classname="orchestratorWrapperSqs Orchestrator Error" name="orchestratorWrapperSqs Orchestrator Error" time="0.005">
    </testcase>
    <testcase classname="orchestratorWrapperSqs Error" name="orchestratorWrapperSqs Error" time="0.005">
    </testcase>
    <testcase classname="orchestratorWrapperSqs Invalid Message" name="orchestratorWrapperSqs Invalid Message" time="0.005">
    </testcase>
    <testcase classname="orchestratorWrapperSns valid" name="orchestratorWrapperSns valid" time="0.004">
    </testcase>
    <testcase classname="orchestratorWrapperSns registration" name="orchestratorWrapperSns registration" time="0.002">
    </testcase>
    <testcase classname="orchestratorWrapperSns already marked as complete" name="orchestratorWrapperSns already marked as complete" time="0.003">
    </testcase>
    <testcase classname="orchestratorWrapperSns already marked as complete - idempotent - no db" name="orchestratorWrapperSns already marked as complete - idempotent - no db" time="0.003">
    </testcase>
    <testcase classname="orchestratorWrapperSns already marked as complete - not idempotent - no db" name="orchestratorWrapperSns already marked as complete - not idempotent - no db" time="0.003">
    </testcase>
    <testcase classname="orchestratorWrapperSns already marked as complete - not idempotent - not complete" name="orchestratorWrapperSns already marked as complete - not idempotent - not complete" time="0.003">
    </testcase>
    <testcase classname="orchestratorWrapperSns debug on" name="orchestratorWrapperSns debug on" time="0.002">
    </testcase>
    <testcase classname="orchestratorWrapperSns override mandatory for activity" name="orchestratorWrapperSns override mandatory for activity" time="0.003">
    </testcase>
    <testcase classname="orchestratorWrapperSns Orchestrator Error" name="orchestratorWrapperSns Orchestrator Error" time="0.003">
    </testcase>
    <testcase classname="orchestratorWrapperSns Error" name="orchestratorWrapperSns Error" time="0.004">
    </testcase>
    <testcase classname="getOrchestratorSqsPassthrough standard" name="getOrchestratorSqsPassthrough standard" time="0.003">
    </testcase>
    <testcase classname="getOrchestratorSqsPassthrough fifo" name="getOrchestratorSqsPassthrough fifo" time="0.003">
    </testcase>
  </testsuite>
</testsuites>