<?xml version="1.0" encoding="UTF-8"?>
<testsuites name="jest tests" tests="14" failures="0" time="34.189">
  <testsuite name="processCloudwatchEvent" errors="0" failures="0" skipped="0" timestamp="2020-12-28T17:55:51" time="7.821" tests="1">
    <testcase classname="processCloudwatchEvent Handler" name="processCloudwatchEvent Handler" time="0.007">
    </testcase>
  </testsuite>
  <testsuite name="start" errors="0" failures="0" skipped="0" timestamp="2020-12-28T17:55:51" time="9.184" tests="7">
    <testcase classname="start Null input" name="start Null input" time="0.005">
    </testcase>
    <testcase classname="start Missing uid" name="start Missing uid" time="0.001">
    </testcase>
    <testcase classname="start No plugins" name="start No plugins" time="0.004">
    </testcase>
    <testcase classname="start Missing function name" name="start Missing function name" time="0.005">
    </testcase>
    <testcase classname="start No registered plugins" name="start No registered plugins" time="0.005">
    </testcase>
    <testcase classname="start Valid" name="start Valid" time="0.003">
    </testcase>
    <testcase classname="start Lambda Exception Thrown" name="start Lambda Exception Thrown" time="0.005">
    </testcase>
  </testsuite>
  <testsuite name="fanOut" errors="0" failures="0" skipped="0" timestamp="2020-12-28T17:55:59" time="24.813" tests="6">
    <testcase classname="fanOut Null Event" name="fanOut Null Event" time="0.002">
    </testcase>
    <testcase classname="fanOut No uid" name="fanOut No uid" time="0.001">
    </testcase>
    <testcase classname="fanOut SNS Subscription is 0" name="fanOut SNS Subscription is 0" time="0.005">
    </testcase>
    <testcase classname="fanOut SNS Subscription is 1" name="fanOut SNS Subscription is 1" time="0.008">
    </testcase>
    <testcase classname="fanOut No Overall Status Object" name="fanOut No Overall Status Object" time="0.002">
    </testcase>
    <testcase classname="fanOut No Sub-Status Object" name="fanOut No Sub-Status Object" time="0.002">
    </testcase>
  </testsuite>
</testsuites>